<?xml version="1.0" encoding="UTF-8"?>
<!-- Generated by org.testng.reporters.JUnitXMLReporter -->
<testsuite ignored="0" hostname="LNGDELL-549" failures="0" tests="3" name="Default test" time="0.086" errors="0" timestamp="17 Sep 2023 17:45:19 GMT">
  <testcase classname="myTest.TestGreeter" name="GreeterShowIdIncludeGreetingMessage" time="0.012"/>
  <testcase classname="myTest.TestGreeter" name="GreeterShowIdIncludeGreetingPhrase" time="0.004"/>
  <testcase classname="myTest.TestGreeter" name="GreeterShowIdIncludeTheOneBeingGreeted" time="0.002"/>
</testsuite> <!-- Default test -->
