<?xml version="1.0" encoding="UTF-8"?>
<!-- Generated by org.testng.reporters.JUnitXMLReporter -->
<testsuite ignored="0" hostname="LNGDELL-549" failures="1" tests="3" name="Test" time="0.092" errors="0" timestamp="16 Sep 2023 21:04:42 GMT">
  <testcase classname="myTest.TestGreeter" name="GreeterShowIdIncludeGreetingMessage" time="0.012"/>
  <testcase classname="myTest.TestGreeter" name="GreeterShowIdIncludeGreetingPhrase" time="0.003"/>
  <testcase classname="myTest.TestGreeter" name="GreeterShowIdIncludeTheOneBeingGreeted" time="0.002">
    <failure type="java.lang.AssertionError" message="expected [World] but found [Hello Mr. World]">
      <![CDATA[java.lang.AssertionError: expected [World] but found [Hello Mr. World]at myTest.TestGreeter.GreeterShowIdIncludeTheOneBeingGreeted(TestGreeter.java:23)... Removed 31 stack frames]]>
    </failure>
  </testcase> <!-- GreeterShowIdIncludeTheOneBeingGreeted -->
</testsuite> <!-- Test -->
