<?xml version="1.0" encoding="UTF-8"?>
<!-- Generated by org.testng.reporters.JUnitXMLReporter -->
<testsuite ignored="0" hostname="LNGDELL-549" failures="0" tests="3" name="Command line test" time="0.052" errors="0" timestamp="16 Sep 2023 21:18:24 GMT">
  <testcase classname="myTest.TestGreeter" name="GreeterShowIdIncludeGreetingMessage" time="0.002"/>
  <testcase classname="myTest.TestGreeter" name="GreeterShowIdIncludeGreetingPhrase" time="0.001"/>
  <testcase classname="myTest.TestGreeter" name="GreeterShowIdIncludeTheOneBeingGreeted" time="0.0"/>
</testsuite> <!-- Command line test -->
