<?xml version="1.0" encoding="UTF-8"?>
<testng-results ignored="0" total="3" passed="3" failed="0" skipped="0">
  <reporter-output>
  </reporter-output>
  <suite started-at="2023-09-17T17:45:19Z" name="Default suite" finished-at="2023-09-17T17:45:19Z" duration-ms="86">
    <groups>
    </groups>
    <test started-at="2023-09-17T17:45:19Z" name="Default test" finished-at="2023-09-17T17:45:19Z" duration-ms="86">
      <class name="myTest.TestGreeter">
        <test-method is-config="true" signature="setup()[pri:0, instance:myTest.TestGreeter@55cf0d14]" started-at="2023-09-17T23:15:19Z" name="setup" finished-at="2023-09-17T23:15:19Z" duration-ms="21" status="PASS">
          <reporter-output>
          </reporter-output>
        </test-method> <!-- setup -->
        <test-method signature="GreeterShowIdIncludeGreetingMessage()[pri:0, instance:myTest.TestGreeter@55cf0d14]" started-at="2023-09-17T23:15:19Z" name="GreeterShowIdIncludeGreetingMessage" finished-at="2023-09-17T23:15:19Z" duration-ms="12" status="PASS">
          <reporter-output>
          </reporter-output>
        </test-method> <!-- GreeterShowIdIncludeGreetingMessage -->
        <test-method signature="GreeterShowIdIncludeGreetingPhrase()[pri:0, instance:myTest.TestGreeter@55cf0d14]" started-at="2023-09-17T23:15:19Z" name="GreeterShowIdIncludeGreetingPhrase" finished-at="2023-09-17T23:15:19Z" duration-ms="4" status="PASS">
          <reporter-output>
          </reporter-output>
        </test-method> <!-- GreeterShowIdIncludeGreetingPhrase -->
        <test-method signature="GreeterShowIdIncludeTheOneBeingGreeted()[pri:0, instance:myTest.TestGreeter@55cf0d14]" started-at="2023-09-17T23:15:19Z" name="GreeterShowIdIncludeTheOneBeingGreeted" finished-at="2023-09-17T23:15:19Z" duration-ms="2" status="PASS">
          <reporter-output>
          </reporter-output>
        </test-method> <!-- GreeterShowIdIncludeTheOneBeingGreeted -->
      </class> <!-- myTest.TestGreeter -->
    </test> <!-- Default test -->
  </suite> <!-- Default suite -->
</testng-results>
