<?xml version="1.0" encoding="UTF-8"?>
<testng-results ignored="0" total="3" passed="2" failed="1" skipped="0">
  <reporter-output>
  </reporter-output>
  <suite started-at="2023-09-16T21:04:41Z" name="Suite" finished-at="2023-09-16T21:04:42Z" duration-ms="92">
    <groups>
    </groups>
    <test started-at="2023-09-16T21:04:41Z" name="Test" finished-at="2023-09-16T21:04:42Z" duration-ms="92">
      <class name="myTest.TestGreeter">
        <test-method is-config="true" signature="setup()[pri:0, instance:myTest.TestGreeter@58a9760d]" started-at="2023-09-17T02:34:41Z" name="setup" finished-at="2023-09-17T02:34:41Z" duration-ms="22" status="PASS">
          <reporter-output>
          </reporter-output>
        </test-method> <!-- setup -->
        <test-method signature="GreeterShowIdIncludeGreetingMessage()[pri:0, instance:myTest.TestGreeter@58a9760d]" started-at="2023-09-17T02:34:41Z" name="GreeterShowIdIncludeGreetingMessage" finished-at="2023-09-17T02:34:41Z" duration-ms="12" status="PASS">
          <reporter-output>
          </reporter-output>
        </test-method> <!-- GreeterShowIdIncludeGreetingMessage -->
        <test-method signature="GreeterShowIdIncludeGreetingPhrase()[pri:0, instance:myTest.TestGreeter@58a9760d]" started-at="2023-09-17T02:34:41Z" name="GreeterShowIdIncludeGreetingPhrase" finished-at="2023-09-17T02:34:41Z" duration-ms="3" status="PASS">
          <reporter-output>
          </reporter-output>
        </test-method> <!-- GreeterShowIdIncludeGreetingPhrase -->
        <test-method signature="GreeterShowIdIncludeTheOneBeingGreeted()[pri:0, instance:myTest.TestGreeter@58a9760d]" started-at="2023-09-17T02:34:41Z" name="GreeterShowIdIncludeTheOneBeingGreeted" finished-at="2023-09-17T02:34:41Z" duration-ms="2" status="FAIL">
          <exception class="java.lang.AssertionError">
            <message>
              <![CDATA[expected [World] but found [Hello Mr. World]]]>
            </message>
            <full-stacktrace>
              <![CDATA[java.lang.AssertionError: expected [World] but found [Hello Mr. World]at org.testng.Assert.fail(Assert.java:96)at org.testng.Assert.failNotEquals(Assert.java:776)at org.testng.Assert.assertEqualsImpl(Assert.java:137)at org.testng.Assert.assertEquals(Assert.java:118)at org.testng.Assert.assertEquals(Assert.java:453)at org.testng.Assert.assertEquals(Assert.java:463)at myTest.TestGreeter.GreeterShowIdIncludeTheOneBeingGreeted(TestGreeter.java:23)at java.base/jdk.internal.reflect.NativeMethodAccessorImpl.invoke0(Native Method)at java.base/jdk.internal.reflect.NativeMethodAccessorImpl.invoke(NativeMethodAccessorImpl.java:64)at java.base/jdk.internal.reflect.DelegatingMethodAccessorImpl.invoke(DelegatingMethodAccessorImpl.java:43)at java.base/java.lang.reflect.Method.invoke(Method.java:564)at org.testng.internal.MethodInvocationHelper.invokeMethod(MethodInvocationHelper.java:124)at org.testng.internal.Invoker.invokeMethod(Invoker.java:571)at org.testng.internal.Invoker.invokeTestMethod(Invoker.java:707)at org.testng.internal.Invoker.invokeTestMethods(Invoker.java:979)at org.testng.internal.TestMethodWorker.invokeTestMethods(TestMethodWorker.java:125)at org.testng.internal.TestMethodWorker.run(TestMethodWorker.java:109)at org.testng.TestRunner.privateRun(TestRunner.java:648)at org.testng.TestRunner.run(TestRunner.java:505)at org.testng.SuiteRunner.runTest(SuiteRunner.java:455)at org.testng.SuiteRunner.runSequentially(SuiteRunner.java:450)at org.testng.SuiteRunner.privateRun(SuiteRunner.java:415)at org.testng.SuiteRunner.run(SuiteRunner.java:364)at org.testng.SuiteRunnerWorker.runSuite(SuiteRunnerWorker.java:52)at org.testng.SuiteRunnerWorker.run(SuiteRunnerWorker.java:84)at org.testng.TestNG.runSuitesSequentially(TestNG.java:1187)at org.testng.TestNG.runSuitesLocally(TestNG.java:1116)at org.testng.TestNG.runSuites(TestNG.java:1028)at org.testng.TestNG.run(TestNG.java:996)at org.testng.remote.AbstractRemoteTestNG.run(AbstractRemoteTestNG.java:115)at org.testng.remote.RemoteTestNG.initAndRun(RemoteTestNG.java:251)at org.testng.remote.RemoteTestNG.main(RemoteTestNG.java:77)]]>
            </full-stacktrace>
          </exception> <!-- java.lang.AssertionError -->
          <reporter-output>
          </reporter-output>
        </test-method> <!-- GreeterShowIdIncludeTheOneBeingGreeted -->
      </class> <!-- myTest.TestGreeter -->
    </test> <!-- Test -->
  </suite> <!-- Suite -->
</testng-results>
